INFO 2021/12/21 16:04:49 err.Error() || Query : UPDATE epcrm_decorlit.product
SET    NAME = 'FRA - BRAÇO PRESSÃO FRONTAL COMPL. - 101-023 FRA',
   description = 'FRA - BRAÇO PRESSÃO FRONTAL COMPL. - 101-023 FRA',
   codtipi = '6811.82.00',
   category_id = '',
   category2 = '',
   category3 = '',
   category4 = '',
   unidade = 'PC',
   brand_id = '',
   created_at = '2021-10-20 00:00:00',
   created_by_id = 'DENNIS.CAMPOS',
   cost_price = '0',
   modified_at = '2021-12-03 17:58:31',
   modified_by_id = 'DENNIS.CAMPOS',
   part_number = '',
   status = 'true',
   unit_price = '0',
   weight = '0',
   peso_bruto = '0'
WHERE  codigoproduto = '9991'
