DEBUG 2021/12/28 07:12:23 007564 || Query : INSERT INTO epcrm_decorlit.account (
                                        name ,
                                        description ,
                                        nomefantasia ,
                                        naturezapessoa ,
                                        sic_code ,
                                        inscricaoestadual ,
                                        sitfed ,
                                        siticms ,
                                        sitipi ,
                                        billing_address_street ,
                                        numeroend ,
                                        endcomplemento ,
                                        bairro ,
                                        billing_address_city ,
                                        billing_address_state ,
                                        billing_address_postal_code ,
                                        billing_address_country ,
                                        telefone1 ,
                                        telefone2 ,
                                        contato ,
                                        email ,
                                        emailnfe ,
                                        website ,
                                        nossocliente ,
                                        industry ,
                                        condpgpadraoclie ,
                                        docpadraocliente ,
                                        cobrpadraocliente ,
                                        portpadraocliente ,
                                        status ,
                                        created_at ,
                                        zonafranca ,
                                        inscricaosuframa ,
                                        vendedor1 ,
                                        comissao1fat ,
                                        transppadrclie ,
                                        tipofrete ,
                                        enderecocobranca ,
                                        bairrocobranca ,
                                        cidadecobranca ,
                                        ufcobranca ,
                                        cepcobranca ,
                                        created_by_id ,
                                        modified_at ,
                                        modified_by_id ,
                                        endelatitude ,
                                        endelongitude ,
                                        endereco ,
                                        bairro ,
                                        cep 
										)
										VALUES(
										'WRV CONSTRUTORA EIRELI',
										'WRV CONSTRUTORA EIRELI',
										'VISUAL CONSTRUTORA',
										'J',
										'<no value>',
										'558.411.300.113',
										'SRV',
										'NCI',
										'2',
										'R DOUTOR ROBERTO SHOJI',
										'455',
										'SALA 07',
										'BOQUEIRAO',
										'003997',
										'SP',
										'11701-030',
										'BRA',
										'1335915105',
										'13997557474',
										'RICARDO RODRIGUES',
										'riluis.rodrigues@gmail.com',
										'',
										'klebergrossi@gmail.com',
										'true',
										'001',
										'',
										'NF',
										'03',
										'980',
										'Ativo',
										'2020-06-24T00:00:00Z',
										'false',
										'',
										'006349',
										'0',
										'',
										'',
										'',
										'',
										'',
										'',
										'',
										'NICOLE.SILVA',
										'2021-02-05T09:06:04Z',
										'NICOLE.SILVA',
										'0',
										'0',
										'R DOUTOR ROBERTO SHOJI',
										'BOQUEIRAO',
										'11701-030'
										)
DEBUG 2021/12/28 19:29:26 007564 || Query : INSERT INTO epcrm_decorlit.account (
										id,
                                        name ,
                                        description ,
                                        nomefantasia ,
                                        naturezapessoa ,
                                        sic_code ,
                                        inscricaoestadual ,
                                        sitfed ,
                                        siticms ,
                                        sitipi ,
                                        billing_address_street ,
                                        numeroend ,
                                        endcomplemento ,
                                        bairro ,
                                        billing_address_city ,
                                        billing_address_state ,
                                        billing_address_postal_code ,
                                        billing_address_country ,
                                        telefone1 ,
                                        telefone2 ,
                                        contato ,
                                        email ,
                                        emailnfe ,
                                        website ,
                                        nossocliente ,
                                        industry ,
                                        condpgpadraoclie ,
                                        docpadraocliente ,
                                        cobrpadraocliente ,
                                        portpadraocliente ,
                                        status ,
                                        created_at ,
                                        zonafranca ,
                                        inscricaosuframa ,
                                        vendedor1 ,
                                        comissao1fat ,
                                        transppadrclie ,
                                        tipofrete ,
                                        enderecocobranca ,
                                        bairrocobranca ,
                                        cidadecobranca ,
                                        ufcobranca ,
                                        cepcobranca ,
                                        created_by_id ,
                                        modified_at ,
                                        modified_by_id ,
                                        endelatitude ,
                                        endelongitude ,
                                        endereco ,
                                        cep 
										)
										VALUES(
										'007564',
										'WRV CONSTRUTORA EIRELI',
										'WRV CONSTRUTORA EIRELI',
										'VISUAL CONSTRUTORA',
										'J',
										'<no value>',
										'558.411.300.113',
										'SRV',
										'NCI',
										'2',
										'R DOUTOR ROBERTO SHOJI',
										'455',
										'SALA 07',
										'BOQUEIRAO',
										'003997',
										'SP',
										'11701-030',
										'BRA',
										'1335915105',
										'13997557474',
										'RICARDO RODRIGUES',
										'riluis.rodrigues@gmail.com',
										'',
										'klebergrossi@gmail.com',
										1,
										'f',
										'',
										'NF',
										'03',
										'980',
										'Ativo',
										'0001-01-01 00:00:00',
										'f',
										'',
										'006349',
										'0',
										'',
										'',
										'',
										'',
										'',
										'',
										'0',
										'NICOLE.SILVA',
										'0001-01-01 00:00:00',
										'NICOLE.SILVA',
										'0',
										'0',
										'R DOUTOR ROBERTO SHOJI',
										'11701-030'
										)
DEBUG 2021/12/28 19:32:24 007564 || Query : INSERT INTO epcrm_decorlit.account (
										id,
                                        name ,
                                        description ,
                                        nomefantasia ,
                                        naturezapessoa ,
                                        sic_code ,
                                        inscricaoestadual ,
                                        sitfed ,
                                        siticms ,
                                        sitipi ,
                                        billing_address_street ,
                                        numeroend ,
                                        endcomplemento ,
                                        bairro ,
                                        billing_address_city ,
                                        billing_address_state ,
                                        billing_address_postal_code ,
                                        billing_address_country ,
                                        telefone1 ,
                                        telefone2 ,
                                        contato ,
                                        email ,
                                        emailnfe ,
                                        website ,
                                        nossocliente ,
                                        industry ,
                                        condpgpadraoclie ,
                                        docpadraocliente ,
                                        cobrpadraocliente ,
                                        portpadraocliente ,
                                        status ,
                                        created_at ,
                                        zonafranca ,
                                        inscricaosuframa ,
                                        vendedor1 ,
                                        comissao1fat ,
                                        transppadrclie ,
                                        tipofrete ,
                                        enderecocobranca ,
                                        bairrocobranca ,
                                        cidadecobranca ,
                                        ufcobranca ,
                                        cepcobranca ,
                                        created_by_id ,
                                        modified_at ,
                                        modified_by_id ,
                                        endelatitude ,
                                        endelongitude ,
                                        endereco ,
                                        cep 
										)
										VALUES(
										'007564',
										'WRV CONSTRUTORA EIRELI',
										'WRV CONSTRUTORA EIRELI',
										'VISUAL CONSTRUTORA',
										'J',
										'<no value>',
										'558.411.300.113',
										'SRV',
										'NCI',
										'2',
										'R DOUTOR ROBERTO SHOJI',
										'455',
										'SALA 07',
										'BOQUEIRAO',
										'003997',
										'SP',
										'11701-030',
										'BRA',
										'1335915105',
										'13997557474',
										'RICARDO RODRIGUES',
										'riluis.rodrigues@gmail.com',
										'',
										'klebergrossi@gmail.com',
										1,
										'f',
										'',
										'NF',
										'03',
										'980',
										'Ativo',
										'0001-01-01 00:00:00',
										'f',
										'',
										'006349',
										'0',
										'',
										'',
										'',
										'',
										'',
										'',
										'0',
										'NICOLE.SILVA',
										'0001-01-01 00:00:00',
										'NICOLE.SILVA',
										'0',
										'0',
										'R DOUTOR ROBERTO SHOJI',
										'11701-030'
										)
