CRITICAL 2021/12/27 20:59:06 Error 1054: Unknown column 'pais' in 'field list' || Query : UPDATE epcrm_decorlit.account SET
											name = 'PETIX IND, COM, IMP E EXP DE PROD GERAIS P/ANIMAIS',
											description = 'PETIX IND, COM, IMP E EXP DE PROD GERAIS P/ANIMAIS',
											nomefantasia = 'PETIX - TESTE AUGUSTO',
											naturezapessoa = 'J',
											sic_code = '<no value>',
											inscricaoestadual= '149.852.882.119',
											sitfed= 'IND',
											siticms = 'CI',
											sitipi = '1',
											billing_address_street = 'R AURIVERDE',
											numeroend = '1921',
											endcomplemento= '',
											bairro = 'VILA INDEPENDENCIA',
											billing_address_city = '004850',
											billing_address_state = 'SP',
											billing_address_postal_code = '04222-002',
											billing_address_country = 'BRA',
											telefone1 = '1148001800',
											telefone2= '1148001812',
											contato = 'VALDECIR SOUZA',
											email = 'valdecir@petix.com.br',
											emailnfe = 'THAIS@PETIX.COM.BR',
											website = 'http://www.petix.com.br',
											nossocliente = 'true',
											industry = '001',
											condpgpadraoclie = '',
											docpadraocliente = 'NF',
											cobrpadraocliente = '03',
											portpadraocliente = '980',
											status = 'Ativo',
											created_at = '2020-02-04T00:00:00Z',
											zonafranca = 'false',
											inscricaosuframa = '',
											vendedor1 = '007020',
											comissao1fat = '3',
											transppadrclie = '',
											tipofrete = '',
											enderecocobranca = '',
											bairrocobranca= '',
											cidadecobranca = '',
											ufcobranca = '',
											cepcobranca = '',
											created_by_id = 'STEPHANIE.CAETANO',
											modified_at = '2021-01-25T14:47:14Z',
											modified_by_id = 'NICOLE.SILVA',
											endelatitude = '0',
											endelongitude = '0',
											endereco = 'R AURIVERDE',
											bairro = 'VILA INDEPENDENCIA',
											pais = 'BRA',
											cep = '04222-002'
                                        WHERE TI9CODIGO = '006936' 
